<?xml version="1.0" encoding="UTF-8"?>
<testsuites>
  <testsuite name="ModelModeratorTest" file="C:\wamp64\www\konacnopsi\source\application\tests\models\ModelModeratorTest.php" tests="2" assertions="2" failures="0" errors="0" time="0.571032">
    <testcase name="test_getAllModerators" class="ModelModeratorTest" file="C:\wamp64\www\konacnopsi\source\application\tests\models\ModelModeratorTest.php" line="19" assertions="1" time="0.550031"/>
    <testcase name="test_createModerator" class="ModelModeratorTest" file="C:\wamp64\www\konacnopsi\source\application\tests\models\ModelModeratorTest.php" line="25" assertions="1" time="0.021001"/>
  </testsuite>
</testsuites>
