<?xml version="1.0" encoding="UTF-8"?>
<testsuites>
  <testsuite name="TestText" file="D:\Sites\SvetskiPutnik\source\application\tests\models\TestText.php" tests="1" assertions="1" failures="1" errors="0" time="0.274917">
    <testcase name="test_CreateText" class="TestText" file="D:\Sites\SvetskiPutnik\source\application\tests\models\TestText.php" line="33" assertions="1" time="0.274917">
      <failure type="PHPUnit_Framework_ExpectationFailedException">TestText::test_CreateText
Failed asserting that true is false.

D:\Sites\SvetskiPutnik\source\application\tests\models\TestText.php:36
</failure>
    </testcase>
  </testsuite>
</testsuites>
