<?xml version="1.0" encoding="UTF-8"?>
<testsuites>
  <testsuite name="TestSlavko" file="D:\Sites\SvetskiPutnik\source\application\tests\models\TestSlavko.php" tests="2" assertions="2" failures="0" errors="0" time="0.037256">
    <testcase name="test_DateExist" class="TestSlavko" file="D:\Sites\SvetskiPutnik\source\application\tests\models\TestSlavko.php" line="15" assertions="1" time="0.021958"/>
    <testcase name="test_Move" class="TestSlavko" file="D:\Sites\SvetskiPutnik\source\application\tests\models\TestSlavko.php" line="20" assertions="1" time="0.015298"/>
  </testsuite>
</testsuites>
