<?xml version="1.0" encoding="UTF-8"?>
<testsuites>
  <testsuite name="TestAutorizacija" file="C:\Users\Jelica\Documents\svetski-putnik\source\application\tests\controllers\TestAutorizacija.php" tests="2" assertions="2" failures="0" errors="0" time="0.085772">
    <testcase name="test_bez" class="TestAutorizacija" file="C:\Users\Jelica\Documents\svetski-putnik\source\application\tests\controllers\TestAutorizacija.php" line="11" assertions="1" time="0.071251">
      <system-out>&#13;
&#13;
</system-out>
    </testcase>
    <testcase name="test_dobri" class="TestAutorizacija" file="C:\Users\Jelica\Documents\svetski-putnik\source\application\tests\controllers\TestAutorizacija.php" line="16" assertions="1" time="0.014521"/>
  </testsuite>
</testsuites>
