<?xml version="1.0" encoding="UTF-8"?>
<testsuites>
  <testsuite name="TestText" file="D:\Sites\SvetskiPutnik\source\application\tests\models\TestText.php" tests="1" assertions="2" failures="1" errors="0" time="0.050685">
    <testcase name="test_InputValidation" class="TestText" file="D:\Sites\SvetskiPutnik\source\application\tests\models\TestText.php" line="23" assertions="2" time="0.050685">
      <failure type="PHPUnit_Framework_ExpectationFailedException">TestText::test_InputValidation
Failed asserting that '{"error":"Nisu sva polja popunjena","succ":false,"id":"3"}' contains "error":""".

D:\Sites\SvetskiPutnik\source\application\tests\models\TestText.php:30
</failure>
    </testcase>
  </testsuite>
</testsuites>
