<?xml version="1.0" encoding="UTF-8"?>
<testsuites>
  <testsuite name="TestText" file="C:\Users\Jelica\Documents\svetski-putnik\source\application\tests\models\TestText.php" tests="2" assertions="3" failures="1" errors="0" time="0.225958">
    <testcase name="test_InputValidation" class="TestText" file="C:\Users\Jelica\Documents\svetski-putnik\source\application\tests\models\TestText.php" line="23" assertions="2" time="0.035056">
      <failure type="PHPUnit_Framework_ExpectationFailedException">TestText::test_InputValidation
Failed asserting that '{"error":"Nisu sva polja popunjena","succ":false,"id":"3"}' contains "error":""".

C:\Users\Jelica\Documents\svetski-putnik\source\application\tests\models\TestText.php:30
</failure>
    </testcase>
    <testcase name="test_CreateText" class="TestText" file="C:\Users\Jelica\Documents\svetski-putnik\source\application\tests\models\TestText.php" line="32" assertions="1" time="0.190902"/>
  </testsuite>
</testsuites>
