<?xml version="1.0" encoding="UTF-8"?>
<testsuites>
  <testsuite name="TestText" file="C:\Users\Jelica\Documents\svetski-putnik\source\application\tests\models\TestText.php" tests="1" assertions="1" failures="1" errors="0" time="0.220012">
    <testcase name="test_CreateText" class="TestText" file="C:\Users\Jelica\Documents\svetski-putnik\source\application\tests\models\TestText.php" line="34" assertions="1" time="0.220012">
      <failure type="PHPUnit_Framework_ExpectationFailedException">TestText::test_CreateText
Failed asserting that true is false.

C:\Users\Jelica\Documents\svetski-putnik\source\application\tests\models\TestText.php:37
</failure>
    </testcase>
  </testsuite>
</testsuites>
