<?xml version="1.0" encoding="UTF-8"?>
<testsuites>
  <testsuite name="MainTest" file="C:\wamp64\www\konacnopsi\source\application\tests\controllers\MainTest.php" tests="2" assertions="2" failures="0" errors="0" time="0.117007">
    <testcase name="test_validation" class="MainTest" file="C:\wamp64\www\konacnopsi\source\application\tests\controllers\MainTest.php" line="18" assertions="1" time="0.028002">
      <system-out>&#13;
&#13;
</system-out>
    </testcase>
    <testcase name="test_index" class="MainTest" file="C:\wamp64\www\konacnopsi\source\application\tests\controllers\MainTest.php" line="24" assertions="1" time="0.089005"/>
  </testsuite>
</testsuites>
